Determining if the Q_WS_WIN exist failed with the following output:
Change Dir: /mnt/temp/source/build/CMakeFiles/CMakeTmp

Run Build Command:/usr/bin/gmake "cmTryCompileExec749324179/fast"
/usr/bin/gmake -f CMakeFiles/cmTryCompileExec749324179.dir/build.make CMakeFiles/cmTryCompileExec749324179.dir/build
gmake[1]: Вход в каталог `/mnt/temp/source/build/CMakeFiles/CMakeTmp'
/usr/bin/cmake -E cmake_progress_report /mnt/temp/source/build/CMakeFiles/CMakeTmp/CMakeFiles 1
Building CXX object CMakeFiles/cmTryCompileExec749324179.dir/CheckSymbolExists.cxx.o
/usr/bin/c++     -o CMakeFiles/cmTryCompileExec749324179.dir/CheckSymbolExists.cxx.o -c /mnt/temp/source/build/CMakeFiles/CMakeTmp/CheckSymbolExists.cxx
/mnt/temp/source/build/CMakeFiles/CMakeTmp/CheckSymbolExists.cxx: In function ‘int main(int, char**)’:
/mnt/temp/source/build/CMakeFiles/CMakeTmp/CheckSymbolExists.cxx:8:19: error: ‘Q_WS_WIN’ was not declared in this scope
gmake[1]: *** [CMakeFiles/cmTryCompileExec749324179.dir/CheckSymbolExists.cxx.o] Ошибка 1
gmake[1]: Выход из каталога `/mnt/temp/source/build/CMakeFiles/CMakeTmp'
gmake: *** [cmTryCompileExec749324179/fast] Ошибка 2

File /mnt/temp/source/build/CMakeFiles/CMakeTmp/CheckSymbolExists.cxx:
/* */
#include <QtCore/qglobal.h>

int main(int argc, char** argv)
{
  (void)argv;
#ifndef Q_WS_WIN
  return ((int*)(&Q_WS_WIN))[argc];
#else
  (void)argc;
  return 0;
#endif
}

Determining if the Q_WS_QWS exist failed with the following output:
Change Dir: /mnt/temp/source/build/CMakeFiles/CMakeTmp

Run Build Command:/usr/bin/gmake "cmTryCompileExec4138142756/fast"
/usr/bin/gmake -f CMakeFiles/cmTryCompileExec4138142756.dir/build.make CMakeFiles/cmTryCompileExec4138142756.dir/build
gmake[1]: Вход в каталог `/mnt/temp/source/build/CMakeFiles/CMakeTmp'
/usr/bin/cmake -E cmake_progress_report /mnt/temp/source/build/CMakeFiles/CMakeTmp/CMakeFiles 1
Building CXX object CMakeFiles/cmTryCompileExec4138142756.dir/CheckSymbolExists.cxx.o
/usr/bin/c++     -o CMakeFiles/cmTryCompileExec4138142756.dir/CheckSymbolExists.cxx.o -c /mnt/temp/source/build/CMakeFiles/CMakeTmp/CheckSymbolExists.cxx
/mnt/temp/source/build/CMakeFiles/CMakeTmp/CheckSymbolExists.cxx: In function ‘int main(int, char**)’:
/mnt/temp/source/build/CMakeFiles/CMakeTmp/CheckSymbolExists.cxx:8:19: error: ‘Q_WS_QWS’ was not declared in this scope
gmake[1]: *** [CMakeFiles/cmTryCompileExec4138142756.dir/CheckSymbolExists.cxx.o] Ошибка 1
gmake[1]: Выход из каталога `/mnt/temp/source/build/CMakeFiles/CMakeTmp'
gmake: *** [cmTryCompileExec4138142756/fast] Ошибка 2

File /mnt/temp/source/build/CMakeFiles/CMakeTmp/CheckSymbolExists.cxx:
/* */
#include <QtCore/qglobal.h>

int main(int argc, char** argv)
{
  (void)argv;
#ifndef Q_WS_QWS
  return ((int*)(&Q_WS_QWS))[argc];
#else
  (void)argc;
  return 0;
#endif
}

Determining if the Q_WS_MAC exist failed with the following output:
Change Dir: /mnt/temp/source/build/CMakeFiles/CMakeTmp

Run Build Command:/usr/bin/gmake "cmTryCompileExec3491768708/fast"
/usr/bin/gmake -f CMakeFiles/cmTryCompileExec3491768708.dir/build.make CMakeFiles/cmTryCompileExec3491768708.dir/build
gmake[1]: Вход в каталог `/mnt/temp/source/build/CMakeFiles/CMakeTmp'
/usr/bin/cmake -E cmake_progress_report /mnt/temp/source/build/CMakeFiles/CMakeTmp/CMakeFiles 1
Building CXX object CMakeFiles/cmTryCompileExec3491768708.dir/CheckSymbolExists.cxx.o
/usr/bin/c++     -o CMakeFiles/cmTryCompileExec3491768708.dir/CheckSymbolExists.cxx.o -c /mnt/temp/source/build/CMakeFiles/CMakeTmp/CheckSymbolExists.cxx
/mnt/temp/source/build/CMakeFiles/CMakeTmp/CheckSymbolExists.cxx: In function ‘int main(int, char**)’:
/mnt/temp/source/build/CMakeFiles/CMakeTmp/CheckSymbolExists.cxx:8:19: error: ‘Q_WS_MAC’ was not declared in this scope
gmake[1]: *** [CMakeFiles/cmTryCompileExec3491768708.dir/CheckSymbolExists.cxx.o] Ошибка 1
gmake[1]: Выход из каталога `/mnt/temp/source/build/CMakeFiles/CMakeTmp'
gmake: *** [cmTryCompileExec3491768708/fast] Ошибка 2

File /mnt/temp/source/build/CMakeFiles/CMakeTmp/CheckSymbolExists.cxx:
/* */
#include <QtCore/qglobal.h>

int main(int argc, char** argv)
{
  (void)argv;
#ifndef Q_WS_MAC
  return ((int*)(&Q_WS_MAC))[argc];
#else
  (void)argc;
  return 0;
#endif
}

