Determining if the Q_WS_WIN exist failed with the following output:
Change Dir: /mnt/temp/source/GUI/Face/build/CMakeFiles/CMakeTmp

Run Build Command:/usr/bin/gmake "cmTryCompileExec982964658/fast"
/usr/bin/gmake -f CMakeFiles/cmTryCompileExec982964658.dir/build.make CMakeFiles/cmTryCompileExec982964658.dir/build
gmake[1]: Вход в каталог `/mnt/temp/source/GUI/Face/build/CMakeFiles/CMakeTmp'
/usr/bin/cmake -E cmake_progress_report /mnt/temp/source/GUI/Face/build/CMakeFiles/CMakeTmp/CMakeFiles 1
Building CXX object CMakeFiles/cmTryCompileExec982964658.dir/CheckSymbolExists.cxx.o
/usr/bin/c++     -o CMakeFiles/cmTryCompileExec982964658.dir/CheckSymbolExists.cxx.o -c /mnt/temp/source/GUI/Face/build/CMakeFiles/CMakeTmp/CheckSymbolExists.cxx
/mnt/temp/source/GUI/Face/build/CMakeFiles/CMakeTmp/CheckSymbolExists.cxx: In function ‘int main(int, char**)’:
/mnt/temp/source/GUI/Face/build/CMakeFiles/CMakeTmp/CheckSymbolExists.cxx:8:19: error: ‘Q_WS_WIN’ was not declared in this scope
gmake[1]: Выход из каталога `/mnt/temp/source/GUI/Face/build/CMakeFiles/CMakeTmp'
gmake[1]: *** [CMakeFiles/cmTryCompileExec982964658.dir/CheckSymbolExists.cxx.o] Ошибка 1
gmake: *** [cmTryCompileExec982964658/fast] Ошибка 2

File /mnt/temp/source/GUI/Face/build/CMakeFiles/CMakeTmp/CheckSymbolExists.cxx:
/* */
#include <QtCore/qglobal.h>

int main(int argc, char** argv)
{
  (void)argv;
#ifndef Q_WS_WIN
  return ((int*)(&Q_WS_WIN))[argc];
#else
  (void)argc;
  return 0;
#endif
}

Determining if the Q_WS_QWS exist failed with the following output:
Change Dir: /mnt/temp/source/GUI/Face/build/CMakeFiles/CMakeTmp

Run Build Command:/usr/bin/gmake "cmTryCompileExec2427613348/fast"
/usr/bin/gmake -f CMakeFiles/cmTryCompileExec2427613348.dir/build.make CMakeFiles/cmTryCompileExec2427613348.dir/build
gmake[1]: Вход в каталог `/mnt/temp/source/GUI/Face/build/CMakeFiles/CMakeTmp'
/usr/bin/cmake -E cmake_progress_report /mnt/temp/source/GUI/Face/build/CMakeFiles/CMakeTmp/CMakeFiles 1
Building CXX object CMakeFiles/cmTryCompileExec2427613348.dir/CheckSymbolExists.cxx.o
/usr/bin/c++     -o CMakeFiles/cmTryCompileExec2427613348.dir/CheckSymbolExists.cxx.o -c /mnt/temp/source/GUI/Face/build/CMakeFiles/CMakeTmp/CheckSymbolExists.cxx
/mnt/temp/source/GUI/Face/build/CMakeFiles/CMakeTmp/CheckSymbolExists.cxx: In function ‘int main(int, char**)’:
/mnt/temp/source/GUI/Face/build/CMakeFiles/CMakeTmp/CheckSymbolExists.cxx:8:19: error: ‘Q_WS_QWS’ was not declared in this scope
gmake[1]: *** [CMakeFiles/cmTryCompileExec2427613348.dir/CheckSymbolExists.cxx.o] Ошибка 1
gmake[1]: Выход из каталога `/mnt/temp/source/GUI/Face/build/CMakeFiles/CMakeTmp'
gmake: *** [cmTryCompileExec2427613348/fast] Ошибка 2

File /mnt/temp/source/GUI/Face/build/CMakeFiles/CMakeTmp/CheckSymbolExists.cxx:
/* */
#include <QtCore/qglobal.h>

int main(int argc, char** argv)
{
  (void)argv;
#ifndef Q_WS_QWS
  return ((int*)(&Q_WS_QWS))[argc];
#else
  (void)argc;
  return 0;
#endif
}

Determining if the Q_WS_MAC exist failed with the following output:
Change Dir: /mnt/temp/source/GUI/Face/build/CMakeFiles/CMakeTmp

Run Build Command:/usr/bin/gmake "cmTryCompileExec1422321167/fast"
/usr/bin/gmake -f CMakeFiles/cmTryCompileExec1422321167.dir/build.make CMakeFiles/cmTryCompileExec1422321167.dir/build
gmake[1]: Вход в каталог `/mnt/temp/source/GUI/Face/build/CMakeFiles/CMakeTmp'
/usr/bin/cmake -E cmake_progress_report /mnt/temp/source/GUI/Face/build/CMakeFiles/CMakeTmp/CMakeFiles 1
Building CXX object CMakeFiles/cmTryCompileExec1422321167.dir/CheckSymbolExists.cxx.o
/usr/bin/c++     -o CMakeFiles/cmTryCompileExec1422321167.dir/CheckSymbolExists.cxx.o -c /mnt/temp/source/GUI/Face/build/CMakeFiles/CMakeTmp/CheckSymbolExists.cxx
/mnt/temp/source/GUI/Face/build/CMakeFiles/CMakeTmp/CheckSymbolExists.cxx: In function ‘int main(int, char**)’:
/mnt/temp/source/GUI/Face/build/CMakeFiles/CMakeTmp/CheckSymbolExists.cxx:8:19: error: ‘Q_WS_MAC’ was not declared in this scope
gmake[1]: *** [CMakeFiles/cmTryCompileExec1422321167.dir/CheckSymbolExists.cxx.o] Ошибка 1
gmake[1]: Выход из каталога `/mnt/temp/source/GUI/Face/build/CMakeFiles/CMakeTmp'
gmake: *** [cmTryCompileExec1422321167/fast] Ошибка 2

File /mnt/temp/source/GUI/Face/build/CMakeFiles/CMakeTmp/CheckSymbolExists.cxx:
/* */
#include <QtCore/qglobal.h>

int main(int argc, char** argv)
{
  (void)argv;
#ifndef Q_WS_MAC
  return ((int*)(&Q_WS_MAC))[argc];
#else
  (void)argc;
  return 0;
#endif
}

